Arguments: 
  C:\Program Files\nodejs\node.exe C:\Users\hp\AppData\Roaming\npm\node_modules\yarn\bin\yarn.js add axios

PATH: 
  C:\Program Files\NVIDIA GPU Computing Toolkit\CUDA\v11.2\bin;C:\Program Files\NVIDIA GPU Computing Toolkit\CUDA\v11.2\libnvvp;D:\Java\jdk-11.0.8\bin;C:\windows\system32;C:\windows;C:\windows\System32\Wbem;C:\windows\System32\WindowsPowerShell\v1.0\;C:\windows\System32\OpenSSH\;C:\Program Files (x86)\NVIDIA Corporation\PhysX\Common;C:\Program Files\NVIDIA Corporation\NVIDIA NvDLISR;C:\Program Files\Microsoft SQL Server\130\Tools\Binn\;C:\Program Files (x86)\Microsoft Visual Studio\2019\Enterprise\VC\Tools\MSVC\14.26.28801\bin\Hostx64\x86;C:\Program Files (x86)\Microsoft Visual Studio\2019\Enterprise\VC\Tools\MSVC\14.26.28801\include;C:\Program Files (x86)\Microsoft Visual Studio\2019\Enterprise\VC\Auxiliary\Build;D:\QT\5.14.0\msvc2017_64\include;D:\QT\5.14.0\msvc2017_64\lib;D:\QT\5.14.0\msvc2017_64\bin;D:\opencv_1\install\x64\vc16\bin;D:\libtorch\lib;D:\libtorch\include;D:\libtorch\include\torch\csrc\api\include;C:\Program Files (x86)\Microsoft Visual Studio\2019\Enterprise\Common7\IDE;C:\Program Files (x86)\Microsoft Visual Studio\2019\Enterprise\MSBuild\Current\Bin;C:\Users\hp\Desktop\libtorch\include;C:\Users\hp\Desktop\libtorch\lib;C:\ProgramData\Oracle\Java\javapath;C:\Program Files\Java\jdk1.8.0_102\bin;C:\Program Files\Java\jdk1.8.0_102\jre\bin;D:\mysql\mysql-5.5.62-winx64\bin;D:\Program Files\MATLAB\R2018b\runtime\win64;D:\Program Files\MATLAB\R2018b\bin;C:\Program Files (x86)\Google\Chrome;C:\Program Files (x86)\Google\Chrome\Application;C:\Program Files (x86)\Google;C:\WINDOWS\system32;C:\WINDOWS\System32\Wbem;C:\WINDOWS\System32\WindowsPowerShell\v1.0\;C:\WINDOWS\System32\OpenSSH\;D:\maven\apache-maven-3.8.2\bin;C:\Program Files\nodejs\;C:\Program Files\NVIDIA Corporation\Nsight Compute 2020.3.1\;C:\Program Files\NVIDIA GPU Computing Toolkit\CUDA\v11.2\include;D:\Program Files\cuda\bin;C:\Program Files\PuTTY\;D:\Program Files\erl-24.1.5\bin;C:\Program Files\dotnet\;C:\Users\hp\AppData\Local\Android\Sdk\platform-tools;C:\Users\hp\AppData\Local\Android\Sdk\emulator;C:\Users\hp\AppData\Local\Android\Sdk\tools;C:\Users\hp\AppData\Local\Android\Sdk\tools\bin;C:\Program Files\Git\cmd;C:\Users\hp\AppData\Local\Microsoft\WindowsApps;C:\Users\hp\AppData\Local\Programs\Microsoft VS Code\bin;D:\Program Files\Anaconda;D:\Program Files\Anaconda\Scripts;D:\Program Files\Anaconda\Library\bin;D:\Program Files\Anaconda\Library\mingw-w64\bin;C:\Users\hp\AppData\Roaming\npm;C:\Program Files\Graphviz\bin;C:\Program Files\JetBrains\JetBrains Rider 2021.3.2\bin;;C:\Users\hp\.dotnet\tools;C:\Users\hp\AppData\Local\GitHubDesktop\bin;D:\Program Files\微信web开发者工具\dll;

Yarn version: 
  1.22.17

Node version: 
  14.17.5

Platform: 
  win32 x64

Trace: 
  SyntaxError: C:\Users\hp\Desktop\bank\customer-frontend-app\package.json: Unexpected token / in JSON at position 438
      at JSON.parse (<anonymous>)
      at C:\Users\hp\AppData\Roaming\npm\node_modules\yarn\lib\cli.js:1625:59
      at Generator.next (<anonymous>)
      at step (C:\Users\hp\AppData\Roaming\npm\node_modules\yarn\lib\cli.js:310:30)
      at C:\Users\hp\AppData\Roaming\npm\node_modules\yarn\lib\cli.js:321:13

npm manifest: 
  {
    "name": "customer-frontend-app",
    "version": "1.0.0",
    "description": "",
    "main": "main.js",
    "scripts": {
      "test": "echo \"Error: no test specified\" && exit 1"
    },
    "repository": {
      "type": "git",
      "url": "git+https://github.com/AhYeahYeahYeah/customer-frontend-app.git"
    },
    "keywords": [],
    "author": "",
    "license": "ISC",
    "dependencies": {
      "axios": "^0.26.1",
      "axios-adapter-uniapp": "^0.1.3",
      // "image-tools": "^1.4.0",
      "sha1": "^1.1.1"
    },
    "bugs": {
      "url": "https://github.com/AhYeahYeahYeah/customer-frontend-app/issues"
    },
    "homepage": "https://github.com/AhYeahYeahYeah/customer-frontend-app#readme"
  }

yarn manifest: 
  No manifest

Lockfile: 
  # THIS IS AN AUTOGENERATED FILE. DO NOT EDIT THIS FILE DIRECTLY.
  # yarn lockfile v1
  
  
  axios-adapter-uniapp@^0.1.3:
    version "0.1.3"
    resolved "https://registry.yarnpkg.com/axios-adapter-uniapp/-/axios-adapter-uniapp-0.1.3.tgz#703b27ce549a31a8a3088e79d81dccb1eee9ee9d"
    integrity sha512-+7vr60w6uynNOlM12JeRV6ICySJhxd7tbbfVIdAKPZvfV1bOow8ACupZ64q4E35OZznAZ3V8wO5EjIcRLf5oIA==
    dependencies:
      axios "^0.21.4"
  
  axios@^0.21.4:
    version "0.21.4"
    resolved "https://registry.yarnpkg.com/axios/-/axios-0.21.4.tgz#c67b90dc0568e5c1cf2b0b858c43ba28e2eda575"
    integrity sha512-ut5vewkiu8jjGBdqpM44XxjuCjq9LAKeHVmoVfHVzy8eHgxxq8SbAVQNovDA8mVi05kP0Ea/n/UzcSHcTJQfNg==
    dependencies:
      follow-redirects "^1.14.0"
  
  axios@^0.26.1:
    version "0.26.1"
    resolved "https://registry.yarnpkg.com/axios/-/axios-0.26.1.tgz#1ede41c51fcf51bbbd6fd43669caaa4f0495aaa9"
    integrity sha512-fPwcX4EvnSHuInCMItEhAGnaSEXRBjtzh9fOtsE6E1G6p7vl7edEeZe11QHf18+6+9gR5PbKV/sGKNaD8YaMeA==
    dependencies:
      follow-redirects "^1.14.8"
  
  "charenc@>= 0.0.1":
    version "0.0.2"
    resolved "https://registry.yarnpkg.com/charenc/-/charenc-0.0.2.tgz#c0a1d2f3a7092e03774bfa83f14c0fc5790a8667"
    integrity sha1-wKHS86cJLgN3S/qD8UwPxXkKhmc=
  
  "crypt@>= 0.0.1":
    version "0.0.2"
    resolved "https://registry.yarnpkg.com/crypt/-/crypt-0.0.2.tgz#88d7ff7ec0dfb86f713dc87bbb42d044d3e6c41b"
    integrity sha1-iNf/fsDfuG9xPch7u0LQRNPmxBs=
  
  follow-redirects@^1.14.0, follow-redirects@^1.14.8:
    version "1.14.9"
    resolved "https://registry.yarnpkg.com/follow-redirects/-/follow-redirects-1.14.9.tgz#dd4ea157de7bfaf9ea9b3fbd85aa16951f78d8d7"
    integrity sha512-MQDfihBQYMcyy5dhRDJUHcw7lb2Pv/TuE6xP1vyraLukNDHKbDxDNaOE3NbCAdKQApno+GPRyo1YAp89yCjK4w==
  
  sha1@^1.1.1:
    version "1.1.1"
    resolved "https://registry.yarnpkg.com/sha1/-/sha1-1.1.1.tgz#addaa7a93168f393f19eb2b15091618e2700f848"
    integrity sha1-rdqnqTFo85PxnrKxUJFhjicA+Eg=
    dependencies:
      charenc ">= 0.0.1"
      crypt ">= 0.0.1"
